<?xml version="1.0" encoding="UTF-8"?>
<!-- Generated by org.testng.reporters.JUnitReportReporter -->
<testsuite skipped="0" hostname="NAG1-LHP-N06687" name="pageObjects.AddtoCart" tests="1" failures="0" timestamp="2020-05-13T00:57:25 IST" time="12.576" errors="0">
  <testcase name="addcart" time="12.576" classname="pageObjects.AddtoCart"/>
  <system-out/>
</testsuite> <!-- pageObjects.AddtoCart -->
