<?xml version="1.0" encoding="UTF-8"?>
<!-- Generated by org.testng.reporters.JUnitReportReporter -->
<testsuite skipped="0" hostname="NAG1-LHP-N06687" name="Test.SizeFilters" tests="1" failures="0" timestamp="2020-05-12T23:21:12 IST" time="12.836" errors="0">
  <testcase name="size" time="12.836" classname="Test.SizeFilters"/>
  <system-out/>
</testsuite> <!-- Test.SizeFilters -->
