<?xml version="1.0" encoding="UTF-8"?>
<!-- Generated by org.testng.reporters.JUnitReportReporter -->
<testsuite skipped="0" hostname="NAG1-LHP-N06687" name="Test.HomePage" tests="1" failures="0" timestamp="2020-05-12T23:29:23 IST" time="0.049" errors="0">
  <testcase name="Titlename" time="0.049" classname="Test.HomePage"/>
  <system-out/>
</testsuite> <!-- Test.HomePage -->
