<?xml version="1.0" encoding="UTF-8"?>
<!-- Generated by org.testng.reporters.JUnitReportReporter -->
<testsuite skipped="0" hostname="NAG1-LHP-N06687" name="Test.SizeFilters" tests="1" failures="0" timestamp="2020-05-17T18:23:56 IST" time="13.598" errors="0">
  <testcase name="size" time="13.598" classname="Test.SizeFilters"/>
  <system-out/>
</testsuite> <!-- Test.SizeFilters -->
