<?xml version="1.0" encoding="UTF-8"?>
<!-- Generated by org.testng.reporters.JUnitReportReporter -->
<testsuite skipped="0" hostname="NAG1-LHP-N06687" name="Test.SizeFilters" tests="7" failures="0" timestamp="2020-05-20T04:17:37 IST" time="28.335" errors="0">
  <testcase name="sizeXS" time="3.295" classname="Test.SizeFilters"/>
  <system-out/>
  <testcase name="sizeXL" time="3.207" classname="Test.SizeFilters"/>
  <system-out/>
  <testcase name="sizeS" time="3.194" classname="Test.SizeFilters"/>
  <system-out/>
  <testcase name="sizeML" time="6.160" classname="Test.SizeFilters"/>
  <system-out/>
  <testcase name="sizeL" time="3.153" classname="Test.SizeFilters"/>
  <system-out/>
  <testcase name="sizeM" time="6.167" classname="Test.SizeFilters"/>
  <system-out/>
  <testcase name="sizeXXL" time="3.159" classname="Test.SizeFilters"/>
  <system-out/>
</testsuite> <!-- Test.SizeFilters -->
