<?xml version="1.0" encoding="UTF-8"?>
<!-- Generated by org.testng.reporters.JUnitReportReporter -->
<testsuite skipped="0" hostname="NAG1-LHP-N06687" name="Test.HomePage" tests="2" failures="0" timestamp="2020-05-17T18:23:56 IST" time="0.069" errors="0">
  <testcase name="Titlename" time="0.042" classname="Test.HomePage"/>
  <system-out/>
  <testcase name="Titlename" time="0.027" classname="Test.HomePage"/>
  <system-out/>
</testsuite> <!-- Test.HomePage -->
