<?xml version="1.0" encoding="UTF-8"?>
<!-- Generated by org.testng.reporters.JUnitReportReporter -->
<testsuite skipped="0" hostname="NAG1-LHP-N06687" name="Test.PurchaseProduct" tests="1" failures="0" timestamp="2020-05-13T01:28:12 IST" time="16.453" errors="0">
  <testcase name="productadd" time="16.453" classname="Test.PurchaseProduct"/>
  <system-out/>
</testsuite> <!-- Test.PurchaseProduct -->
