<?xml version="1.0" encoding="UTF-8"?>
<!-- Generated by org.testng.reporters.JUnitReportReporter -->
<testsuite skipped="0" hostname="NAG1-LHP-N06687" name="Test.BoardGameTest2" tests="1" failures="0" timestamp="2020-06-25T11:02:17 IST" time="69.361" errors="0">
  <testcase name="Titlename" time="69.361" classname="Test.BoardGameTest2"/>
  <system-out/>
</testsuite> <!-- Test.BoardGameTest2 -->
